<?xml version="1.0" encoding="UTF-8"?>
<!-- Generated by org.testng.reporters.JUnitXMLReporter -->
<testsuite hostname="DESKTOP-C37E15E" ignored="2" name="Test1" tests="1" failures="0" timestamp="2020-07-22T10:12:52 IST" time="0.046" errors="0">
  <testcase name="samsung" time="0.016" classname="piku.C"/>
  <testcase name="vivo" time="0.0" classname="piku.C">
    <ignored/>
  </testcase> <!-- vivo -->
  <testcase name="opo" time="0.0" classname="piku.C">
    <ignored/>
  </testcase> <!-- opo -->
</testsuite> <!-- Test1 -->
