<?xml version="1.0" encoding="UTF-8"?>
<!-- Generated by org.testng.reporters.JUnitXMLReporter -->
<testsuite hostname="DESKTOP-C37E15E" ignored="1" name="Test" tests="7" failures="0" timestamp="2020-07-22T10:12:52 IST" time="0.433" errors="0">
  <testcase name="tca" time="0.088" classname="piku.A"/>
  <testcase name="tcs" time="0.016" classname="piku.A"/>
  <testcase name="aa" time="0.0" classname="piku.B"/>
  <testcase name="aaa" time="0.015" classname="piku.B"/>
  <testcase name="hjk" time="0.015" classname="piku.B"/>
  <testcase name="hjk" time="0.0" classname="piku.B"/>
  <testcase name="hjk" time="0.0" classname="piku.B"/>
  <testcase name="wipro" time="0.0" classname="piku.A">
    <ignored/>
  </testcase> <!-- wipro -->
</testsuite> <!-- Test -->
